[LOG] System::create                           : Header version = 2.02.23. Current version = 2.02.23.
[LOG] Manager::init                            : maxchannels = 256 studioflags = 00000006 flags 00000000 extradriverdata 0000000000000000.
[LOG] SystemI::init                            : Initialize version=20223 (144645), maxchannels=256, flags=0x00020000
[LOG] SystemI::setOutputInternal               : Setting output to 'FMOD WASAPI Output'
[LOG] OutputWASAPI::init                       : Mix Format (WAVEFORMATEX): wFormatTag=0xFFFE, nChannels=2, nSamplesPerSec=48000, nAvgBytesPerSec=384000, nBlockAlign=8, wBitsPerSample=32, cbSize=22.
[LOG] OutputWASAPI::init                       : Mix Format (WAVEFORMATEXTENSIBLE): wValidBitsPerSample=32, dwChannelMask=0x00000003, SubFormat=00000003-0000-0010-8000-00AA00389B71.
[LOG] OutputWASAPI::init                       : Output buffer size: 4096 samples, latency: 0.00ms, period: 10.00ms, DSP buffer: 1024 * 4
[LOG] Thread::initThread                       : Init FMOD stream thread. Affinity: 0x4000000000000003, Priority: 0xFFFF7FFB, Stack Size: 98304, Semaphore: No, Sleep Time: 10, Looping: Yes.
[LOG] Thread::initThread                       : Init FMOD mixer thread. Affinity: 0x4000000000000001, Priority: 0xFFFF7FFA, Stack Size: 81920, Semaphore: No, Sleep Time: 0, Looping: Yes.
[LOG] AsyncManager::init                       : manager 0000022262F074E8 isAsync 0 updatePeriod 0.02
[LOG] AsyncManager::init                       : done
[LOG] PlaybackSystem::init                     : 
[LOG] Thread::initThread                       : Init FMOD Studio sample load thread. Affinity: 0x4000000000000003, Priority: 0xFFFF7FFD, Stack Size: 98304, Semaphore: No, Sleep Time: 1, Looping: No.
[LOG] PlaybackSystem::init                     : done
[LOG] Thread::initThread                       : Init FMOD Studio bank load thread. Affinity: 0x4000000000000003, Priority: 0xFFFF7FFD, Stack Size: 98304, Semaphore: No, Sleep Time: 1, Looping: No.
[LOG] Manager::init                            : done.
[LOG] Manager::readBank                        : fileversion = 142, compatVersion = 140 (oldest = 44, newest = 142)
[LOG] Manager::readBank                        : fileversion = 142, compatVersion = 140 (oldest = 44, newest = 142)
[LOG] PlaybackSystem::acquireMasterBus         : Setting master channel group format to 6
[LOG] Manager::readBank                        : fileversion = 142, compatVersion = 140 (oldest = 44, newest = 142)
[LOG] SystemI::createSoundInternal             : Create name='', mode=0x02000202
[LOG] SystemI::createSoundInternal             : exinfo->cbsize             = 224
[LOG] SystemI::createSoundInternal             : exinfo->length             = 9043296
[LOG] SystemI::createSoundInternal             : exinfo->fileoffset         = 68000
[LOG] SystemI::createSoundInternal             : exinfo->numsubsounds       = 1
[LOG] SystemI::createSoundInternal             : exinfo->inclusionlist      = 00000032DA0FF0D8
[LOG] SystemI::createSoundInternal             : exinfo->inclusionlistnum   = 1
[LOG] SystemI::createSoundInternal             : exinfo->suggestedsoundtype = 5
[LOG] SystemI::createSoundInternal             : exinfo->useropen           = 00007FFBD9AF4130
[LOG] SystemI::createSoundInternal             : exinfo->userclose          = 00007FFBD9AF40F0
[LOG] SystemI::createSoundInternal             : exinfo->userread           = 00007FFBD9AF4210
[LOG] SystemI::createSoundInternal             : exinfo->userseek           = 00007FFBD9AF42D0
[LOG] SystemI::createSoundInternal             : exinfo->fileuserdata       = 000002226FF173E8
[LOG] SystemI::createSoundInternal             : exinfo->initialseekpostype = 1
[LOG] SystemI::DSPCodecPoolRegister            : register codec pool for pool type 5
[LOG] SystemI::createSoundInternal             : Sample 0/1: name='Paper - Trimmed', format=5, channels=2, frequency=48000, lengthbytes=3552, lengthpcm=15986, pcmblocksize=0, loopstart=0, loopend=0, mode=0x00000000, channelmask=0x00000000, channelorder=0, peakvolume=0.066986.
[LOG] SystemI::createSoundInternal             : Create name='', mode=0x02000202
[LOG] SystemI::createSoundInternal             : exinfo->cbsize             = 224
[LOG] SystemI::createSoundInternal             : exinfo->length             = 9043296
[LOG] SystemI::createSoundInternal             : exinfo->fileoffset         = 68000
[LOG] SystemI::createSoundInternal             : exinfo->numsubsounds       = 1
[LOG] SystemI::createSoundInternal             : exinfo->inclusionlist      = 00000032DA0FF0D8
[LOG] SystemI::createSoundInternal             : exinfo->inclusionlistnum   = 1
[LOG] SystemI::createSoundInternal             : exinfo->suggestedsoundtype = 5
[LOG] SystemI::createSoundInternal             : exinfo->useropen           = 00007FFBD9AF4130
[LOG] SystemI::createSoundInternal             : exinfo->userclose          = 00007FFBD9AF40F0
[LOG] SystemI::createSoundInternal             : exinfo->userread           = 00007FFBD9AF4210
[LOG] SystemI::createSoundInternal             : exinfo->userseek           = 00007FFBD9AF42D0
[LOG] SystemI::createSoundInternal             : exinfo->fileuserdata       = 000002226FF173E8
[LOG] SystemI::createSoundInternal             : exinfo->initialseekpostype = 1
[LOG] SystemI::DSPCodecPoolRegister            : register codec pool for pool type 5
[LOG] SystemI::createSoundInternal             : Sample 0/1: name='Paper - Trimmed (3)', format=5, channels=2, frequency=48000, lengthbytes=2272, lengthpcm=9252, pcmblocksize=0, loopstart=0, loopend=0, mode=0x00000000, channelmask=0x00000000, channelorder=0, peakvolume=0.115448.
[LOG] SystemI::createSound                     : filename = Assets/FMODBanks/Desktop/Sounds.bank : mode 02010082
[LOG] SystemI::createSound                     : FMOD_NONBLOCKING specified.  Putting into queue to be opened asynchronously!
[LOG] AsyncThread::add                         : add sound to async queue : soundi = 00000222619469E8, queue head = 000002214257F388, queue count = 0
[LOG] AsyncThread::threadFunc                  : Starting Asynchronous operation on sound 00000222619469E8
[LOG] SystemI::createSoundInternal             :     Create name='Assets/FMODBanks/Desktop/Sounds.bank', mode=0x02010082
[LOG] SystemI::createSoundInternal             :     exinfo->cbsize             = 224
[LOG] SystemI::createSoundInternal             :     exinfo->length             = 9043296
[LOG] SystemI::createSoundInternal             :     exinfo->fileoffset         = 68000
[LOG] SystemI::createSoundInternal             :     exinfo->numsubsounds       = 1
[LOG] SystemI::createSoundInternal             :     exinfo->inclusionlist      = 00000221B6859E60
[LOG] SystemI::createSoundInternal             :     exinfo->inclusionlistnum   = 1
[LOG] SystemI::createSoundInternal             :     exinfo->suggestedsoundtype = 5
[LOG] SystemI::createSoundInternal             :     exinfo->initialseekpostype = 1
[LOG] SystemI::createSoundInternal             :     Create name='', mode=0x02000202
[LOG] SystemI::createSoundInternal             :     exinfo->cbsize             = 224
[LOG] SystemI::createSoundInternal             :     exinfo->length             = 9043296
[LOG] SystemI::createSoundInternal             :     exinfo->fileoffset         = 68000
[LOG] SystemI::createSoundInternal             :     exinfo->numsubsounds       = 1
[LOG] SystemI::createSoundInternal             :     exinfo->inclusionlist      = 00000032DA0FF0D8
[LOG] SystemI::createSoundInternal             :     exinfo->inclusionlistnum   = 1
[LOG] SystemI::createSoundInternal             :     exinfo->suggestedsoundtype = 5
[LOG] SystemI::createSoundInternal             :     exinfo->useropen           = 00007FFBD9AF4130
[LOG] SystemI::createSoundInternal             :     exinfo->userclose          = 00007FFBD9AF40F0
[LOG] SystemI::createSoundInternal             :     exinfo->userread           = 00007FFBD9AF4210
[LOG] SystemI::createSoundInternal             :     exinfo->userseek           = 00007FFBD9AF42D0
[LOG] SystemI::createSoundInternal             :     exinfo->fileuserdata       = 00000222611C3068
[LOG] SystemI::createSoundInternal             :     exinfo->initialseekpostype = 1
[LOG] SystemI::createSoundInternal             :     Stream 0/1: name='office_computer_load_off', format=5, channels=2, frequency=48000, lengthbytes=435520, lengthpcm=1936015, pcmblocksize=0, loopstart=0, loopend=0, mode=0x00000000, channelmask=0x00000000, channelorder=0, peakvolume=0.997437.
[LOG] SystemI::DSPCodecPoolRegister            :     register codec pool for pool type 5
[LOG] SystemI::createSoundInternal             :     Sample 0/1: name='zapsplat_office_calculator_button_press_single_001_11983 - Trimmed', format=5, channels=2, frequency=48000, lengthbytes=768, lengthpcm=1460, pcmblocksize=0, loopstart=0, loopend=0, mode=0x00000000, channelmask=0x00000000, channelorder=0, peakvolume=0.891205.
[LOG] SystemI::createSoundInternal             :     Create name='', mode=0x02000202
[LOG] SystemI::createSoundInternal             :     exinfo->cbsize             = 224
[LOG] SystemI::createSoundInternal             :     exinfo->length             = 9043296
[LOG] SystemI::createSoundInternal             :     exinfo->fileoffset         = 68000
[LOG] SystemI::createSoundInternal             :     exinfo->numsubsounds       = 1
[LOG] SystemI::createSoundInternal             :     exinfo->inclusionlist      = 00000032DA0FF0D8
[LOG] SystemI::createSoundInternal             :     exinfo->inclusionlistnum   = 1
[LOG] SystemI::createSoundInternal             :     exinfo->suggestedsoundtype = 5
[LOG] SystemI::createSoundInternal             :     exinfo->useropen           = 00007FFBD9AF4130
[LOG] SystemI::createSoundInternal             :     exinfo->userclose          = 00007FFBD9AF40F0
[LOG] SystemI::createSoundInternal             :     exinfo->userread           = 00007FFBD9AF4210
[LOG] SystemI::createSoundInternal             :     exinfo->userseek           = 00007FFBD9AF42D0
[LOG] SystemI::createSoundInternal             :     exinfo->fileuserdata       = 00000222611C3068
[LOG] SystemI::createSoundInternal             :     exinfo->initialseekpostype = 1
[LOG] SystemI::DSPCodecPoolRegister            :     register codec pool for pool type 5
[LOG] SystemI::createSoundInternal             :     Sample 0/1: name='zapsplat_office_calculator_button_press_single_002_11984 - Trimmed - Trimmed - Trimmed', format=5, channels=2, frequency=48000, lengthbytes=896, lengthpcm=1460, pcmblocksize=0, loopstart=0, loopend=0, mode=0x00000000, channelmask=0x00000000, channelorder=0, peakvolume=0.891205.
[LOG] AsyncThread::threadFunc                  : Finished Asynchronous operation on sound 00000222619469E8
[LOG] SystemI::createSoundInternal             : Create name='', mode=0x02000202
[LOG] SystemI::createSoundInternal             : exinfo->cbsize             = 224
[LOG] SystemI::createSoundInternal             : exinfo->length             = 9043296
[LOG] SystemI::createSoundInternal             : exinfo->fileoffset         = 68000
[LOG] SystemI::createSoundInternal             : exinfo->numsubsounds       = 1
[LOG] SystemI::createSoundInternal             : exinfo->inclusionlist      = 00000032DA0FF0D8
[LOG] SystemI::createSoundInternal             : exinfo->inclusionlistnum   = 1
[LOG] SystemI::createSoundInternal             : exinfo->suggestedsoundtype = 5
[LOG] SystemI::createSoundInternal             : exinfo->useropen           = 00007FFBD9AF4130
[LOG] SystemI::createSoundInternal             : exinfo->userclose          = 00007FFBD9AF40F0
[LOG] SystemI::createSoundInternal             : exinfo->userread           = 00007FFBD9AF4210
[LOG] SystemI::createSoundInternal             : exinfo->userseek           = 00007FFBD9AF42D0
[LOG] SystemI::createSoundInternal             : exinfo->fileuserdata       = 00000222611C4D48
[LOG] SystemI::createSoundInternal             : exinfo->initialseekpostype = 1
[LOG] SystemI::DSPCodecPoolRegister            : register codec pool for pool type 5
[LOG] SystemI::createSoundInternal             : Sample 0/1: name='zapsplat_office_calculator_button_press_single_002_11985 - Trimmed - Trimmed - Trimmed', format=5, channels=2, frequency=48000, lengthbytes=768, lengthpcm=1223, pcmblocksize=0, loopstart=0, loopend=0, mode=0x00000000, channelmask=0x00000000, channelorder=0, peakvolume=0.486755.
[LOG] SystemI::createSoundInternal             : Create name='', mode=0x02000202
[LOG] SystemI::createSoundInternal             : exinfo->cbsize             = 224
[LOG] SystemI::createSoundInternal             : exinfo->length             = 9043296
[LOG] SystemI::createSoundInternal             : exinfo->fileoffset         = 68000
[LOG] SystemI::createSoundInternal             : exinfo->numsubsounds       = 1
[LOG] SystemI::createSoundInternal             : exinfo->inclusionlist      = 00000032DA0FF0D8
[LOG] SystemI::createSoundInternal             : exinfo->inclusionlistnum   = 1
[LOG] SystemI::createSoundInternal             : exinfo->suggestedsoundtype = 5
[LOG] SystemI::createSoundInternal             : exinfo->useropen           = 00007FFBD9AF4130
[LOG] SystemI::createSoundInternal             : exinfo->userclose          = 00007FFBD9AF40F0
[LOG] SystemI::createSoundInternal             : exinfo->userread           = 00007FFBD9AF4210
[LOG] SystemI::createSoundInternal             : exinfo->userseek           = 00007FFBD9AF42D0
[LOG] SystemI::createSoundInternal             : exinfo->fileuserdata       = 00000222611C4D48
[LOG] SystemI::createSoundInternal             : exinfo->initialseekpostype = 1
[LOG] SystemI::DSPCodecPoolRegister            : register codec pool for pool type 5
[LOG] SystemI::createSoundInternal             : Sample 0/1: name='zapsplat_office_calculator_button_press_single_001_11984 - Trimmed', format=5, channels=2, frequency=48000, lengthbytes=800, lengthpcm=1984, pcmblocksize=0, loopstart=0, loopend=0, mode=0x00000000, channelmask=0x00000000, channelorder=0, peakvolume=0.563171.
[LOG] SystemI::createSound                     : filename = Assets/FMODBanks/Desktop/Sounds.bank : mode 02010082
[LOG] SystemI::createSound                     : FMOD_NONBLOCKING specified.  Putting into queue to be opened asynchronously!
[LOG] AsyncThread::add                         : add sound to async queue : soundi = 0000022261946328, queue head = 000002214257F388, queue count = 0
[LOG] AsyncThread::threadFunc                  : Starting Asynchronous operation on sound 0000022261946328
[LOG] SystemI::createSoundInternal             :     Create name='Assets/FMODBanks/Desktop/Sounds.bank', mode=0x02010082
[LOG] SystemI::createSoundInternal             :     exinfo->cbsize             = 224
[LOG] SystemI::createSoundInternal             :     exinfo->length             = 9043296
[LOG] SystemI::createSoundInternal             :     exinfo->fileoffset         = 68000
[LOG] SystemI::createSoundInternal             :     exinfo->numsubsounds       = 1
[LOG] SystemI::createSoundInternal             :     exinfo->inclusionlist      = 00000221B685A4A0
[LOG] SystemI::createSoundInternal             :     exinfo->inclusionlistnum   = 1
[LOG] SystemI::createSoundInternal             :     exinfo->suggestedsoundtype = 5
[LOG] SystemI::createSoundInternal             :     exinfo->initialseekpostype = 1
[LOG] SystemI::createSoundInternal             :     Stream 0/1: name='Computer Booting', format=5, channels=2, frequency=48000, lengthbytes=147264, lengthpcm=3072000, pcmblocksize=0, loopstart=0, loopend=0, mode=0x00000000, channelmask=0x00000000, channelorder=0, peakvolume=0.151703.
[LOG] AsyncThread::threadFunc                  : Finished Asynchronous operation on sound 0000022261946328
[LOG] SoundI::release                          : Right Sizing (2) - Trimmed (00000222DF30DFB8)
[LOG] SoundI::release                          :     Right Sizing (2) - Trimmed (00000220DA8951C8)
[LOG] SoundI::release                          :     Right Sizing (2) - Trimmed (000002229DD0DBE8)
[LOG] SoundI::release                          : Computer Booting (0000022261946328)
[LOG] SoundI::release                          :     Computer Booting (00000221209FCD68)
[LOG] SoundI::release                          :     Computer Booting (00000221B3054908)
[LOG] SoundI::release                          : office_computer_load_off (00000222619469E8)
[LOG] SoundI::release                          :     office_computer_load_off (00000223021D3568)
[LOG] SoundI::release                          :     office_computer_load_off (0000022260C15058)
[LOG] SoundI::release                          : 344_audio_int_torture_chamber_screams_bangs_metal_shouts_pain_drill_presence_reverb_817 (00000222DF30EB88)
[LOG] SoundI::release                          :     344_audio_int_torture_chamber_screams_bangs_metal_shouts_pain_drill_presence_reverb_817 (00000220DA8AC668)
[LOG] SoundI::release                          :     344_audio_int_torture_chamber_screams_bangs_metal_shouts_pain_drill_presence_reverb_817 (000002229DD0E0F8)
[LOG] SoundI::release                          : sound_spark_Industrial_Spaces_04 (00000222DF30CD28)
[LOG] SoundI::release                          :     sound_spark_Industrial_Spaces_04 (00000220DA8B0EA8)
[LOG] SoundI::release                          :     sound_spark_Industrial_Spaces_04 (000002229DD0DF48)
[LOG] SoundI::release                          : yfs_canadian_ferry_before_departure_on_board_2 (00000222DF30C308)
[LOG] SoundI::release                          :     yfs_canadian_ferry_before_departure_on_board_2 (00000220DA893FE8)
[LOG] SoundI::release                          :     yfs_canadian_ferry_before_departure_on_board_2 (000002229DD0ECC8)
[LOG] SoundI::release                          :  (0000022262ADE4B8)
[LOG] SoundI::release                          :     zapsplat_office_calculator_button_press_single_001_11984 - Trimmed (0000022272F8FD88)
[LOG] SoundI::release                          :  (0000022262AE12B8)
[LOG] SoundI::release                          :     zapsplat_office_calculator_button_press_single_002_11985 - Trimmed - Trimmed - Trimmed (0000022272F8F708)
[LOG] SoundI::release                          :  (0000022270A61DA8)
[LOG] SoundI::release                          :     Paper - Trimmed (00000223021D33C8)
[LOG] SoundI::release                          :  (0000022270A66F98)
[LOG] SoundI::release                          :     Paper - Trimmed (3) (00000223021D45A8)
[LOG] SoundI::release                          :  (0000022264367FE8)
[LOG] SoundI::release                          :     344_audio_VOXScrm_Female_Blood_Curdling_Scream_1_344_Audio_Screaming_1861 (000002227B247888)
[LOG] SoundI::release                          :  (0000022264368438)
[LOG] SoundI::release                          :     344_audio_VOXScrm_Female_Blood_Curdling_Scream_2_344_Audio_Screaming_1862 (0000022120199508)
[LOG] SoundI::release                          :  (0000022264368CD8)
[LOG] SoundI::release                          :     smartsound_HUMAN_VOCAL_Male_Scream_Deep_Pain_Hard_01 (000002227B247548)
[LOG] SoundI::release                          :  (0000022264368158)
[LOG] SoundI::release                          :     smartsound_HUMAN_VOCAL_Male_Scream_Deep_Pain_Hard_02 (000002227B247D68)
[LOG] SoundI::release                          :  (0000022264369578)
[LOG] SoundI::release                          :     zapsplat_foley_paper_mix_pamphlet_newspaper_magazine_drop_floor_002_81454 - Trimmed (000002214541A078)
[LOG] SoundI::release                          :  (0000022264367E78)
[LOG] SoundI::release                          :     zapsplat_foley_paper_mix_pamphlet_newspaper_magazine_drop_floor_001_81453 - Trimmed (000002214541A6F8)
[LOG] SoundI::release                          :  (0000022262ADFBB8)
[LOG] SoundI::release                          :     zapsplat_office_calculator_button_press_single_002_11984 - Trimmed - Trimmed - Trimmed (0000022272F8F088)
[LOG] SoundI::release                          :  (0000022262ADE348)
[LOG] SoundI::release                          :     zapsplat_office_calculator_button_press_single_001_11983 - Trimmed (0000022272F8FBE8)
[LOG] Thread::callback                         : FMOD Studio update thread finished.
[LOG] Thread::callback                         : FMOD Studio bank load thread finished.
[LOG] Profile::disconnectAll                   : Profiler disconnecting all clients
[LOG] Thread::callback                         : FMOD Studio sample load thread finished.
[LOG] LiveUpdate::release                      : 
[LOG] LiveUpdate::reset                        : Reset connection (reason Disconnected)
[LOG] Thread::callback                         : FMOD stream thread finished.
[LOG] Thread::callback                         : FMOD mixer thread finished.
[LOG] Profile::disconnectAll                   : Profiler disconnecting all clients
[LOG] SystemI::close                           : Closed.
[LOG] Manager::readBank                        : fileversion = 142, compatVersion = 140 (oldest = 44, newest = 142)
[LOG] Manager::readBank                        : fileversion = 142, compatVersion = 140 (oldest = 44, newest = 142)
[LOG] PlaybackSystem::acquireMasterBus         : Setting master channel group format to 6
[LOG] Manager::readBank                        : fileversion = 142, compatVersion = 140 (oldest = 44, newest = 142)
